<?xml version="1.0" encoding="UTF-8"?>
<!-- Generated by org.testng.reporters.JUnitXMLReporter -->
<testsuite ignored="0" hostname="PLATINUM" failures="0" tests="7" name="NopCommerce Tests" time="186.486" errors="0" timestamp="2025-09-08T13:12:42 IST">
  <testcase classname="tests.RegisterTest" name="userRegistrationTest" time="10.107"/>
  <testcase classname="tests.LoginTest" name="validLoginTest" time="9.368"/>
  <testcase classname="tests.SearchTest" name="searchAndAddProductsTest" time="31.714"/>
  <testcase classname="tests.CartTest" name="testCartFlow" time="20.388"/>
  <testcase classname="tests.CheckoutTest_" name="testCreditCardPayment_StopAfterAddress" time="25.811"/>
  <testcase classname="tests.PaymentTest_" name="testCheckoutFlow_StopAfterPaymentMethod" time="17.011"/>
  <testcase classname="tests.OrderTest" name="testOrderConfirmationUsingLogin" time="47.631"/>
</testsuite> <!-- NopCommerce Tests -->
